<?xml version="1.0" encoding="UTF-8"?>
<testng-results ignored="0" total="7" passed="7" failed="0" skipped="0">
  <reporter-output>
  </reporter-output>
  <suite started-at="2024-02-08T18:59:35 IST" name="Default suite" finished-at="2024-02-08T18:59:35 IST" duration-ms="441">
    <groups>
    </groups>
    <test started-at="2024-02-08T18:59:35 IST" name="Default test" finished-at="2024-02-08T18:59:35 IST" duration-ms="441">
      <class name="S1_StreamsTest">
        <test-method signature="Test1()[pri:0, instance:S1_StreamsTest@82de64a]" started-at="2024-02-08T18:59:35 IST" name="Test1" finished-at="2024-02-08T18:59:35 IST" duration-ms="97" status="PASS">
          <reporter-output>
          </reporter-output>
        </test-method> <!-- Test1 -->
        <test-method signature="Test2()[pri:0, instance:S1_StreamsTest@82de64a]" started-at="2024-02-08T18:59:35 IST" name="Test2" finished-at="2024-02-08T18:59:35 IST" duration-ms="7" status="PASS">
          <reporter-output>
          </reporter-output>
        </test-method> <!-- Test2 -->
        <test-method signature="Test3()[pri:0, instance:S1_StreamsTest@82de64a]" started-at="2024-02-08T18:59:35 IST" name="Test3" finished-at="2024-02-08T18:59:35 IST" duration-ms="85" status="PASS">
          <reporter-output>
          </reporter-output>
        </test-method> <!-- Test3 -->
        <test-method signature="Test4()[pri:0, instance:S1_StreamsTest@82de64a]" started-at="2024-02-08T18:59:35 IST" name="Test4" finished-at="2024-02-08T18:59:35 IST" duration-ms="9" status="PASS">
          <reporter-output>
          </reporter-output>
        </test-method> <!-- Test4 -->
        <test-method signature="Test5()[pri:0, instance:S1_StreamsTest@82de64a]" started-at="2024-02-08T18:59:35 IST" name="Test5" finished-at="2024-02-08T18:59:35 IST" duration-ms="19" status="PASS">
          <reporter-output>
          </reporter-output>
        </test-method> <!-- Test5 -->
        <test-method signature="Test6()[pri:0, instance:S1_StreamsTest@82de64a]" started-at="2024-02-08T18:59:35 IST" name="Test6" finished-at="2024-02-08T18:59:35 IST" duration-ms="24" status="PASS">
          <reporter-output>
          </reporter-output>
        </test-method> <!-- Test6 -->
        <test-method signature="Test7()[pri:0, instance:S1_StreamsTest@82de64a]" started-at="2024-02-08T18:59:35 IST" name="Test7" finished-at="2024-02-08T18:59:35 IST" duration-ms="6" status="PASS">
          <reporter-output>
          </reporter-output>
        </test-method> <!-- Test7 -->
      </class> <!-- S1_StreamsTest -->
    </test> <!-- Default test -->
  </suite> <!-- Default suite -->
</testng-results>
